  Incident energy is    2.22099996      GeV
  Minimum accepted scattered electron energy is  0.500000000    
  Target thickness is    5.78034669E-03  r.l.
  Number of particles per event in bos bank =           3
 Electron scattering angles range from  15.0 to  60.0 degrees
  Elastic peak included
  Elastic Scattering, Date and time:Sun Nov 18 14:03:26 2018    
  Mininum photon energy =   4.99999989E-03
  Maximum photon energy =   1.55523014    
  ntries,nevent, mcall_max:                638620         800          36
  sig_int =   0.167144954      0.169026107    
  Number of seconds at Lum=1E34 is  0.478626460    
 Elapsed CPU time =      0.3 seconds
  ntries,nevent, mcall_max:               1212904        1600          55
  sig_int =   0.176010802      0.172781006    
  Number of seconds at Lum=1E34 is  0.909035087    
 Elapsed CPU time =      0.6 seconds
  ntries,nevent, mcall_max:               1911349        2400          55
  sig_int =   0.167539433      0.170214623    
  Number of seconds at Lum=1E34 is   1.43249857    
 Elapsed CPU time =      0.9 seconds
  ntries,nevent, mcall_max:               2582099        3200          55
  sig_int =   0.165357113      0.168371975    
  Number of seconds at Lum=1E34 is   1.93520546    
 Elapsed CPU time =      1.2 seconds
  ntries,nevent, mcall_max:               3259931        4000          55
  sig_int =   0.163718358      0.167962000    
  Number of seconds at Lum=1E34 is   2.44322014    
 Elapsed CPU time =      1.5 seconds
  ntries,nevent, mcall_max:               3905427        4800          55
  sig_int =   0.163990423      0.166827127    
  Number of seconds at Lum=1E34 is   2.92700005    
 Elapsed CPU time =      1.8 seconds
  ntries,nevent, mcall_max:               4556014        5600          55
  sig_int =   0.164001867      0.166084424    
  Number of seconds at Lum=1E34 is   3.41459537    
 Elapsed CPU time =      2.1 seconds
  ntries,nevent, mcall_max:               5241785        6400          55
  sig_int =   0.162909552      0.165462241    
  Number of seconds at Lum=1E34 is   3.92856026    
 Elapsed CPU time =      2.4 seconds
  ntries,nevent, mcall_max:               5917578        7200          55
  sig_int =   0.162343279      0.165459782    
  Number of seconds at Lum=1E34 is   4.43504620    
 Elapsed CPU time =      2.7 seconds
  ntries,nevent, mcall_max:               6612898        8000          55
  sig_int =   0.161415011      0.165274218    
  Number of seconds at Lum=1E34 is   4.95616817    
 Elapsed CPU time =      3.0 seconds
  ntries,nevent, mcall_max:               7248904        8800          55
  sig_int =   0.161978021      0.165451750    
  Number of seconds at Lum=1E34 is   5.43283558    
 Elapsed CPU time =      3.3 seconds
  ntries,nevent, mcall_max:               7950533        9600          55
  sig_int =   0.161109358      0.164891288    
  Number of seconds at Lum=1E34 is   5.95868540    
 Elapsed CPU time =      3.7 seconds
  ntries,nevent, mcall_max:               8597733       10400          55
  sig_int =   0.161396891      0.165158942    
  Number of seconds at Lum=1E34 is   6.44374228    
 Elapsed CPU time =      4.0 seconds
  ntries,nevent, mcall_max:               9264133       11200          55
  sig_int =   0.161309168      0.164876133    
  Number of seconds at Lum=1E34 is   6.94318867    
 Elapsed CPU time =      4.3 seconds
  ntries,nevent, mcall_max:               9862841       12000          55
  sig_int =   0.162339792      0.165027633    
  Number of seconds at Lum=1E34 is   7.39190245    
 Elapsed CPU time =      4.6 seconds
  ntries,nevent, mcall_max:              10514098       12800          55
  sig_int =   0.162436530      0.165075794    
  Number of seconds at Lum=1E34 is   7.88000059    
 Elapsed CPU time =      4.9 seconds
  ntries,nevent, mcall_max:              11130645       13605          55
  sig_int =   0.163088754      0.165168896    
  Number of seconds at Lum=1E34 is   8.34208298    
 Elapsed CPU time =      5.1 seconds
  ntries,nevent, mcall_max:              11769315       14400          55
  sig_int =   0.163251460      0.165366948    
  Number of seconds at Lum=1E34 is   8.82074738    
 Elapsed CPU time =      5.4 seconds
  ntries,nevent, mcall_max:              12412925       15200          55
  sig_int =   0.163386151      0.165637687    
  Number of seconds at Lum=1E34 is   9.30311394    
 Elapsed CPU time =      5.7 seconds
  ntries,nevent, mcall_max:              13050934       16000          55
  sig_int =   0.163577721      0.165534720    
  Number of seconds at Lum=1E34 is   9.78128242    
 Elapsed CPU time =      5.9 seconds
  ntries,nevent, mcall_max:              13723349       16800          55
  sig_int =   0.163340896      0.165437356    
  Number of seconds at Lum=1E34 is   10.2852373    
 Elapsed CPU time =      6.2 seconds
  ntries,nevent, mcall_max:              14400291       17600          55
  sig_int =   0.163074926      0.165356785    
  Number of seconds at Lum=1E34 is   10.7925854    
 Elapsed CPU time =      6.5 seconds
  ntries,nevent, mcall_max:              15048240       18400          55
  sig_int =   0.163146541      0.165500998    
  Number of seconds at Lum=1E34 is   11.2782040    
 Elapsed CPU time =      6.8 seconds
  ntries,nevent, mcall_max:              15691570       19200          55
  sig_int =   0.163260311      0.165427551    
  Number of seconds at Lum=1E34 is   11.7603598    
 Elapsed CPU time =      7.1 seconds
  ntries,nevent, mcall_max:              16389588       20000          55
  sig_int =   0.162819996      0.165107936    
  Number of seconds at Lum=1E34 is   12.2835035    
 Elapsed CPU time =      7.4 seconds
 Elapsed CPU time =        7.4 seconds
